Determining if the pthread_create exist failed with the following output:
Change Dir: /home/ljkgpxs/src/Doodler/codeblocks/CMakeFiles/CMakeTmp

Run Build Command:"/usr/bin/make" "cmTC_6bda9/fast"
/usr/bin/make -f CMakeFiles/cmTC_6bda9.dir/build.make CMakeFiles/cmTC_6bda9.dir/build
make[1]: Entering directory '/home/ljkgpxs/src/Doodler/codeblocks/CMakeFiles/CMakeTmp'
Building C object CMakeFiles/cmTC_6bda9.dir/CheckSymbolExists.c.o
/usr/bin/cc    -std=gnu99 -fPIC    -o CMakeFiles/cmTC_6bda9.dir/CheckSymbolExists.c.o   -c /home/ljkgpxs/src/Doodler/codeblocks/CMakeFiles/CMakeTmp/CheckSymbolExists.c
Linking C executable cmTC_6bda9
/usr/bin/cmake -E cmake_link_script CMakeFiles/cmTC_6bda9.dir/link.txt --verbose=1
/usr/bin/cc   -std=gnu99 -fPIC     CMakeFiles/cmTC_6bda9.dir/CheckSymbolExists.c.o  -o cmTC_6bda9 -rdynamic 
CMakeFiles/cmTC_6bda9.dir/CheckSymbolExists.c.o：在函数‘main’中：
CheckSymbolExists.c:(.text+0x1b)：对‘pthread_create’未定义的引用
collect2: error: ld returned 1 exit status
CMakeFiles/cmTC_6bda9.dir/build.make:97: recipe for target 'cmTC_6bda9' failed
make[1]: *** [cmTC_6bda9] Error 1
make[1]: Leaving directory '/home/ljkgpxs/src/Doodler/codeblocks/CMakeFiles/CMakeTmp'
Makefile:126: recipe for target 'cmTC_6bda9/fast' failed
make: *** [cmTC_6bda9/fast] Error 2

File /home/ljkgpxs/src/Doodler/codeblocks/CMakeFiles/CMakeTmp/CheckSymbolExists.c:
/* */
#include <pthread.h>

int main(int argc, char** argv)
{
  (void)argv;
#ifndef pthread_create
  return ((int*)(&pthread_create))[argc];
#else
  (void)argc;
  return 0;
#endif
}

Determining if the function pthread_create exists in the pthreads failed with the following output:
Change Dir: /home/ljkgpxs/src/Doodler/codeblocks/CMakeFiles/CMakeTmp

Run Build Command:"/usr/bin/make" "cmTC_efdf0/fast"
/usr/bin/make -f CMakeFiles/cmTC_efdf0.dir/build.make CMakeFiles/cmTC_efdf0.dir/build
make[1]: Entering directory '/home/ljkgpxs/src/Doodler/codeblocks/CMakeFiles/CMakeTmp'
Building C object CMakeFiles/cmTC_efdf0.dir/CheckFunctionExists.c.o
/usr/bin/cc    -std=gnu99 -fPIC -DCHECK_FUNCTION_EXISTS=pthread_create   -o CMakeFiles/cmTC_efdf0.dir/CheckFunctionExists.c.o   -c /usr/share/cmake-3.5/Modules/CheckFunctionExists.c
Linking C executable cmTC_efdf0
/usr/bin/cmake -E cmake_link_script CMakeFiles/cmTC_efdf0.dir/link.txt --verbose=1
/usr/bin/cc   -std=gnu99 -fPIC -DCHECK_FUNCTION_EXISTS=pthread_create    CMakeFiles/cmTC_efdf0.dir/CheckFunctionExists.c.o  -o cmTC_efdf0 -rdynamic -lpthreads 
/usr/bin/ld: 找不到 -lpthreads
collect2: error: ld returned 1 exit status
CMakeFiles/cmTC_efdf0.dir/build.make:97: recipe for target 'cmTC_efdf0' failed
make[1]: *** [cmTC_efdf0] Error 1
make[1]: Leaving directory '/home/ljkgpxs/src/Doodler/codeblocks/CMakeFiles/CMakeTmp'
Makefile:126: recipe for target 'cmTC_efdf0/fast' failed
make: *** [cmTC_efdf0/fast] Error 2


